<component name="libraryTable">
  <library name="junit-4.13">
    <CLASSES>
      <root url="jar://$PROJECT_DIR$/lib/junit-4.13.jar!/" />
    </CLASSES>
    <JAVADOC />
    <SOURCES>
      <root url="jar://$USER_HOME$/.ideaLibSources/junit-4.13-sources.jar!/" />
    </SOURCES>
  </library>
</component>